app/build1/intermediates/manifest_merge_blame_file/debug/manifest-merger-blame-debug-report.txt
1<?xml version="1.0" encoding="utf-8"?>
2<manifest xmlns:android="http://schemas.android.com/apk/res/android"
3    package="com.ipae.bicentenariolalibertad"
4    android:versionCode="1"
5    android:versionName="1.0" >
6
7    <uses-sdk
8        android:minSdkVersion="16"
8-->src\main\AndroidManifest.xml
9        android:targetSdkVersion="26" />
9-->src\main\AndroidManifest.xml
10
11    <uses-permission android:name="android.permission.ACCESS_NETWORK_STATE" />
11-->[com.firebaseui:firebase-ui-auth:6.2.0] AndroidManifest.xml:12:5-79
11-->[com.firebaseui:firebase-ui-auth:6.2.0] AndroidManifest.xml:12:22-76
12    <uses-permission android:name="android.permission.INTERNET" />
12-->[com.firebaseui:firebase-ui-auth:6.2.0] AndroidManifest.xml:13:5-67
12-->[com.firebaseui:firebase-ui-auth:6.2.0] AndroidManifest.xml:13:22-64
13
14    <uses-feature
14-->[com.google.android.gms:play-services-maps:17.0.0] AndroidManifest.xml:26:5-28:35
15        android:glEsVersion="0x00020000"
15-->[com.google.android.gms:play-services-maps:17.0.0] AndroidManifest.xml:27:9-41
16        android:required="true" />
16-->[com.google.android.gms:play-services-maps:17.0.0] AndroidManifest.xml:28:9-32
17
18    <application
18-->src\main\AndroidManifest.xml:6:5-33:19
19        android:allowBackup="true"
19-->src\main\AndroidManifest.xml:7:9-35
20        android:appComponentFactory="androidx.core.app.CoreComponentFactory"
20-->[androidx.core:core:1.1.0] AndroidManifest.xml:24:18-86
21        android:debuggable="true"
22        android:icon="@mipmap/ic_launcher"
22-->src\main\AndroidManifest.xml:8:9-43
23        android:label="@string/app_name"
23-->src\main\AndroidManifest.xml:9:9-41
24        android:roundIcon="@drawable/ic_launcher"
24-->src\main\AndroidManifest.xml:10:9-50
25        android:supportsRtl="true"
25-->src\main\AndroidManifest.xml:11:9-35
26        android:testOnly="true"
27        android:theme="@style/AppTheme" >
27-->src\main\AndroidManifest.xml:12:9-40
28        <activity android:name="com.ipae.bicentenariolalibertad.LauncherActivity" >
28-->src\main\AndroidManifest.xml:15:9-21:20
28-->src\main\AndroidManifest.xml:15:19-51
29            <intent-filter>
29-->src\main\AndroidManifest.xml:16:13-20:29
30                <action android:name="android.intent.action.MAIN" />
30-->src\main\AndroidManifest.xml:17:17-69
30-->src\main\AndroidManifest.xml:17:25-66
31
32                <category android:name="android.intent.category.LAUNCHER" />
32-->src\main\AndroidManifest.xml:19:17-77
32-->src\main\AndroidManifest.xml:19:27-74
33            </intent-filter>
34        </activity>
35        <activity android:name="com.ipae.bicentenariolalibertad.LoginActivity" />
35-->src\main\AndroidManifest.xml:23:9-51
35-->src\main\AndroidManifest.xml:23:19-48
36        <activity android:name="com.ipae.bicentenariolalibertad.RegisterActivity" />
36-->src\main\AndroidManifest.xml:24:9-54
36-->src\main\AndroidManifest.xml:24:19-51
37        <activity android:name="com.ipae.bicentenariolalibertad.MenuActivity" />
37-->src\main\AndroidManifest.xml:25:9-50
37-->src\main\AndroidManifest.xml:25:19-47
38        <activity android:name="com.ipae.bicentenariolalibertad.AmautasActivity" />
38-->src\main\AndroidManifest.xml:26:9-53
38-->src\main\AndroidManifest.xml:26:19-50
39        <activity android:name="com.ipae.bicentenariolalibertad.TestActivity" />
39-->src\main\AndroidManifest.xml:27:9-50
39-->src\main\AndroidManifest.xml:27:19-47
40        <activity android:name="com.ipae.bicentenariolalibertad.ComodinActivity" />
40-->src\main\AndroidManifest.xml:28:9-53
40-->src\main\AndroidManifest.xml:28:19-50
41        <activity android:name="com.ipae.bicentenariolalibertad.SettingActivity" />
41-->src\main\AndroidManifest.xml:29:9-53
41-->src\main\AndroidManifest.xml:29:19-50
42        <activity android:name="com.ipae.bicentenariolalibertad.GameActivity" />
42-->src\main\AndroidManifest.xml:30:9-50
42-->src\main\AndroidManifest.xml:30:19-47
43        <activity android:name="com.ipae.bicentenariolalibertad.DiaryActivity" />
43-->src\main\AndroidManifest.xml:31:9-51
43-->src\main\AndroidManifest.xml:31:19-48
44
45        <meta-data
45-->[com.firebaseui:firebase-ui-auth:6.2.0] AndroidManifest.xml:16:9-18:69
46            android:name="com.google.android.gms.version"
46-->[com.firebaseui:firebase-ui-auth:6.2.0] AndroidManifest.xml:17:13-58
47            android:value="@integer/google_play_services_version" />
47-->[com.firebaseui:firebase-ui-auth:6.2.0] AndroidManifest.xml:18:13-66
48        <meta-data
48-->[com.firebaseui:firebase-ui-auth:6.2.0] AndroidManifest.xml:19:9-21:63
49            android:name="com.facebook.sdk.ApplicationId"
49-->[com.firebaseui:firebase-ui-auth:6.2.0] AndroidManifest.xml:20:13-58
50            android:value="@string/facebook_application_id" />
50-->[com.firebaseui:firebase-ui-auth:6.2.0] AndroidManifest.xml:21:13-60
51
52        <activity
52-->[com.firebaseui:firebase-ui-auth:6.2.0] AndroidManifest.xml:23:9-27:61
53            android:name="com.firebase.ui.auth.KickoffActivity"
53-->[com.firebaseui:firebase-ui-auth:6.2.0] AndroidManifest.xml:24:13-64
54            android:exported="false"
54-->[com.firebaseui:firebase-ui-auth:6.2.0] AndroidManifest.xml:25:13-37
55            android:label=""
55-->[com.firebaseui:firebase-ui-auth:6.2.0] AndroidManifest.xml:26:13-29
56            android:theme="@style/FirebaseUI.Transparent" />
56-->[com.firebaseui:firebase-ui-auth:6.2.0] AndroidManifest.xml:27:13-58
57        <activity
57-->[com.firebaseui:firebase-ui-auth:6.2.0] AndroidManifest.xml:28:9-32:61
58            android:name="com.firebase.ui.auth.ui.idp.SingleSignInActivity"
58-->[com.firebaseui:firebase-ui-auth:6.2.0] AndroidManifest.xml:29:13-76
59            android:exported="false"
59-->[com.firebaseui:firebase-ui-auth:6.2.0] AndroidManifest.xml:30:13-37
60            android:label=""
60-->[com.firebaseui:firebase-ui-auth:6.2.0] AndroidManifest.xml:31:13-29
61            android:theme="@style/FirebaseUI.Transparent" />
61-->[com.firebaseui:firebase-ui-auth:6.2.0] AndroidManifest.xml:32:13-58
62        <activity
62-->[com.firebaseui:firebase-ui-auth:6.2.0] AndroidManifest.xml:33:9-37:61
63            android:name="com.firebase.ui.auth.ui.credentials.CredentialSaveActivity"
63-->[com.firebaseui:firebase-ui-auth:6.2.0] AndroidManifest.xml:34:13-86
64            android:exported="false"
64-->[com.firebaseui:firebase-ui-auth:6.2.0] AndroidManifest.xml:35:13-37
65            android:label=""
65-->[com.firebaseui:firebase-ui-auth:6.2.0] AndroidManifest.xml:36:13-29
66            android:theme="@style/FirebaseUI.Transparent" />
66-->[com.firebaseui:firebase-ui-auth:6.2.0] AndroidManifest.xml:37:13-58
67        <activity
67-->[com.firebaseui:firebase-ui-auth:6.2.0] AndroidManifest.xml:38:9-42:58
68            android:name="com.firebase.ui.auth.ui.email.RecoverPasswordActivity"
68-->[com.firebaseui:firebase-ui-auth:6.2.0] AndroidManifest.xml:39:13-81
69            android:exported="false"
69-->[com.firebaseui:firebase-ui-auth:6.2.0] AndroidManifest.xml:40:13-37
70            android:label="@string/fui_title_recover_password_activity"
70-->[com.firebaseui:firebase-ui-auth:6.2.0] AndroidManifest.xml:41:13-72
71            android:windowSoftInputMode="adjustResize" />
71-->[com.firebaseui:firebase-ui-auth:6.2.0] AndroidManifest.xml:42:13-55
72        <activity
72-->[com.firebaseui:firebase-ui-auth:6.2.0] AndroidManifest.xml:43:9-47:58
73            android:name="com.firebase.ui.auth.ui.email.EmailActivity"
73-->[com.firebaseui:firebase-ui-auth:6.2.0] AndroidManifest.xml:44:13-71
74            android:exported="false"
74-->[com.firebaseui:firebase-ui-auth:6.2.0] AndroidManifest.xml:45:13-37
75            android:label="@string/fui_sign_in_default"
75-->[com.firebaseui:firebase-ui-auth:6.2.0] AndroidManifest.xml:46:13-56
76            android:windowSoftInputMode="adjustResize" />
76-->[com.firebaseui:firebase-ui-auth:6.2.0] AndroidManifest.xml:47:13-55
77        <activity
77-->[com.firebaseui:firebase-ui-auth:6.2.0] AndroidManifest.xml:48:9-52:77
78            android:name="com.firebase.ui.auth.ui.phone.PhoneActivity"
78-->[com.firebaseui:firebase-ui-auth:6.2.0] AndroidManifest.xml:49:13-71
79            android:exported="false"
79-->[com.firebaseui:firebase-ui-auth:6.2.0] AndroidManifest.xml:50:13-37
80            android:label="@string/fui_sign_in_with_phone_number"
80-->[com.firebaseui:firebase-ui-auth:6.2.0] AndroidManifest.xml:51:13-66
81            android:windowSoftInputMode="adjustResize|stateAlwaysVisible" />
81-->[com.firebaseui:firebase-ui-auth:6.2.0] AndroidManifest.xml:52:13-74
82        <activity
82-->[com.firebaseui:firebase-ui-auth:6.2.0] AndroidManifest.xml:53:9-57:58
83            android:name="com.firebase.ui.auth.ui.idp.WelcomeBackIdpPrompt"
83-->[com.firebaseui:firebase-ui-auth:6.2.0] AndroidManifest.xml:54:13-76
84            android:exported="false"
84-->[com.firebaseui:firebase-ui-auth:6.2.0] AndroidManifest.xml:55:13-37
85            android:label="@string/fui_title_welcome_back_idp_prompt"
85-->[com.firebaseui:firebase-ui-auth:6.2.0] AndroidManifest.xml:56:13-70
86            android:windowSoftInputMode="adjustResize" />
86-->[com.firebaseui:firebase-ui-auth:6.2.0] AndroidManifest.xml:57:13-55
87        <activity
87-->[com.firebaseui:firebase-ui-auth:6.2.0] AndroidManifest.xml:58:9-62:58
88            android:name="com.firebase.ui.auth.ui.email.WelcomeBackPasswordPrompt"
88-->[com.firebaseui:firebase-ui-auth:6.2.0] AndroidManifest.xml:59:13-83
89            android:exported="false"
89-->[com.firebaseui:firebase-ui-auth:6.2.0] AndroidManifest.xml:60:13-37
90            android:label="@string/fui_title_welcome_back_password_prompt"
90-->[com.firebaseui:firebase-ui-auth:6.2.0] AndroidManifest.xml:61:13-75
91            android:windowSoftInputMode="adjustResize" />
91-->[com.firebaseui:firebase-ui-auth:6.2.0] AndroidManifest.xml:62:13-55
92        <activity
92-->[com.firebaseui:firebase-ui-auth:6.2.0] AndroidManifest.xml:63:9-67:58
93            android:name="com.firebase.ui.auth.ui.email.WelcomeBackEmailLinkPrompt"
93-->[com.firebaseui:firebase-ui-auth:6.2.0] AndroidManifest.xml:64:13-84
94            android:exported="false"
94-->[com.firebaseui:firebase-ui-auth:6.2.0] AndroidManifest.xml:65:13-37
95            android:label="@string/fui_title_welcome_back_password_prompt"
95-->[com.firebaseui:firebase-ui-auth:6.2.0] AndroidManifest.xml:66:13-75
96            android:windowSoftInputMode="adjustResize" />
96-->[com.firebaseui:firebase-ui-auth:6.2.0] AndroidManifest.xml:67:13-55
97        <activity
97-->[com.firebaseui:firebase-ui-auth:6.2.0] AndroidManifest.xml:68:9-73:58
98            android:name="com.firebase.ui.auth.ui.email.EmailLinkCatcherActivity"
98-->[com.firebaseui:firebase-ui-auth:6.2.0] AndroidManifest.xml:69:13-82
99            android:exported="false"
99-->[com.firebaseui:firebase-ui-auth:6.2.0] AndroidManifest.xml:70:13-37
100            android:label=""
100-->[com.firebaseui:firebase-ui-auth:6.2.0] AndroidManifest.xml:71:13-29
101            android:theme="@style/FirebaseUI.Transparent"
101-->[com.firebaseui:firebase-ui-auth:6.2.0] AndroidManifest.xml:72:13-58
102            android:windowSoftInputMode="adjustResize" />
102-->[com.firebaseui:firebase-ui-auth:6.2.0] AndroidManifest.xml:73:13-55
103        <activity
103-->[com.firebaseui:firebase-ui-auth:6.2.0] AndroidManifest.xml:74:9-78:58
104            android:name="com.firebase.ui.auth.ui.email.EmailLinkErrorRecoveryActivity"
104-->[com.firebaseui:firebase-ui-auth:6.2.0] AndroidManifest.xml:75:13-88
105            android:exported="false"
105-->[com.firebaseui:firebase-ui-auth:6.2.0] AndroidManifest.xml:76:13-37
106            android:label="@string/fui_sign_in_default"
106-->[com.firebaseui:firebase-ui-auth:6.2.0] AndroidManifest.xml:77:13-56
107            android:windowSoftInputMode="adjustResize" />
107-->[com.firebaseui:firebase-ui-auth:6.2.0] AndroidManifest.xml:78:13-55
108        <activity
108-->[com.firebaseui:firebase-ui-auth:6.2.0] AndroidManifest.xml:79:9-82:65
109            android:name="com.firebase.ui.auth.ui.idp.AuthMethodPickerActivity"
109-->[com.firebaseui:firebase-ui-auth:6.2.0] AndroidManifest.xml:80:13-80
110            android:exported="false"
110-->[com.firebaseui:firebase-ui-auth:6.2.0] AndroidManifest.xml:81:13-37
111            android:label="@string/fui_default_toolbar_title" />
111-->[com.firebaseui:firebase-ui-auth:6.2.0] AndroidManifest.xml:82:13-62
112        <activity
112-->[com.firebaseui:firebase-ui-auth:6.2.0] AndroidManifest.xml:83:9-87:48
113            android:name="com.facebook.FacebookActivity"
113-->[com.firebaseui:firebase-ui-auth:6.2.0] AndroidManifest.xml:84:13-57
114            android:configChanges="keyboard|keyboardHidden|screenLayout|screenSize|orientation"
114-->[com.firebaseui:firebase-ui-auth:6.2.0] AndroidManifest.xml:85:13-96
115            android:label="@string/app_name" />
115-->[com.firebaseui:firebase-ui-auth:6.2.0] AndroidManifest.xml:86:13-45
116        <activity
116-->[com.firebaseui:firebase-ui-auth:6.2.0] AndroidManifest.xml:88:9-100:20
117            android:name="com.facebook.CustomTabActivity"
117-->[com.firebaseui:firebase-ui-auth:6.2.0] AndroidManifest.xml:89:13-58
118            android:exported="true" >
118-->[com.firebaseui:firebase-ui-auth:6.2.0] AndroidManifest.xml:90:13-36
119            <intent-filter>
119-->[com.firebaseui:firebase-ui-auth:6.2.0] AndroidManifest.xml:92:13-99:29
120                <action android:name="android.intent.action.VIEW" />
120-->[com.firebaseui:firebase-ui-auth:6.2.0] AndroidManifest.xml:93:17-69
120-->[com.firebaseui:firebase-ui-auth:6.2.0] AndroidManifest.xml:93:25-66
121
122                <category android:name="android.intent.category.DEFAULT" />
122-->[com.firebaseui:firebase-ui-auth:6.2.0] AndroidManifest.xml:95:17-76
122-->[com.firebaseui:firebase-ui-auth:6.2.0] AndroidManifest.xml:95:27-73
123                <category android:name="android.intent.category.BROWSABLE" />
123-->[com.firebaseui:firebase-ui-auth:6.2.0] AndroidManifest.xml:96:17-78
123-->[com.firebaseui:firebase-ui-auth:6.2.0] AndroidManifest.xml:96:27-75
124
125                <data android:scheme="@string/facebook_login_protocol_scheme" />
125-->[com.firebaseui:firebase-ui-auth:6.2.0] AndroidManifest.xml:98:17-81
125-->[com.firebaseui:firebase-ui-auth:6.2.0] AndroidManifest.xml:98:23-78
126            </intent-filter>
127        </activity>
128
129        <provider
129-->[com.firebaseui:firebase-ui-auth:6.2.0] AndroidManifest.xml:102:9-106:38
130            android:name="com.firebase.ui.auth.data.client.AuthUiInitProvider"
130-->[com.firebaseui:firebase-ui-auth:6.2.0] AndroidManifest.xml:103:13-79
131            android:authorities="com.ipae.bicentenariolalibertad.authuiinitprovider"
131-->[com.firebaseui:firebase-ui-auth:6.2.0] AndroidManifest.xml:104:13-70
132            android:exported="false"
132-->[com.firebaseui:firebase-ui-auth:6.2.0] AndroidManifest.xml:105:13-37
133            android:initOrder="90" /> <!-- Needs to be explicitly declared on P+ -->
133-->[com.firebaseui:firebase-ui-auth:6.2.0] AndroidManifest.xml:106:13-35
134        <uses-library
134-->[com.google.android.gms:play-services-maps:17.0.0] AndroidManifest.xml:33:9-35:40
135            android:name="org.apache.http.legacy"
135-->[com.google.android.gms:play-services-maps:17.0.0] AndroidManifest.xml:34:13-50
136            android:required="false" />
136-->[com.google.android.gms:play-services-maps:17.0.0] AndroidManifest.xml:35:13-37
137
138        <activity
138-->[com.google.firebase:firebase-auth:19.3.2] AndroidManifest.xml:24:9-31:50
139            android:name="com.google.firebase.auth.internal.FederatedSignInActivity"
139-->[com.google.firebase:firebase-auth:19.3.2] AndroidManifest.xml:25:13-85
140            android:excludeFromRecents="true"
140-->[com.google.firebase:firebase-auth:19.3.2] AndroidManifest.xml:26:13-46
141            android:exported="true"
141-->[com.google.firebase:firebase-auth:19.3.2] AndroidManifest.xml:27:13-36
142            android:launchMode="singleTask"
142-->[com.google.firebase:firebase-auth:19.3.2] AndroidManifest.xml:28:13-44
143            android:permission="com.google.firebase.auth.api.gms.permission.LAUNCH_FEDERATED_SIGN_IN"
143-->[com.google.firebase:firebase-auth:19.3.2] AndroidManifest.xml:29:13-102
144            android:theme="@android:style/Theme.Translucent.NoTitleBar" />
144-->[com.google.firebase:firebase-auth:19.3.2] AndroidManifest.xml:30:13-72
145
146        <service
146-->[com.google.firebase:firebase-auth:19.3.2] AndroidManifest.xml:33:9-39:19
147            android:name="com.google.firebase.components.ComponentDiscoveryService"
147-->[com.google.firebase:firebase-auth:19.3.2] AndroidManifest.xml:34:13-84
148            android:directBootAware="true"
148-->[com.google.firebase:firebase-common:19.3.0] AndroidManifest.xml:34:13-43
149            android:exported="false" >
149-->[com.google.firebase:firebase-auth:19.3.2] AndroidManifest.xml:35:13-37
150            <meta-data
150-->[com.google.firebase:firebase-auth:19.3.2] AndroidManifest.xml:36:13-38:85
151                android:name="com.google.firebase.components:com.google.firebase.auth.FirebaseAuthRegistrar"
151-->[com.google.firebase:firebase-auth:19.3.2] AndroidManifest.xml:37:17-109
152                android:value="com.google.firebase.components.ComponentRegistrar" />
152-->[com.google.firebase:firebase-auth:19.3.2] AndroidManifest.xml:38:17-82
153        </service>
154
155        <activity
155-->[com.google.android.gms:play-services-auth:17.0.0] AndroidManifest.xml:23:9-27:75
156            android:name="com.google.android.gms.auth.api.signin.internal.SignInHubActivity"
156-->[com.google.android.gms:play-services-auth:17.0.0] AndroidManifest.xml:24:13-93
157            android:excludeFromRecents="true"
157-->[com.google.android.gms:play-services-auth:17.0.0] AndroidManifest.xml:25:13-46
158            android:exported="false"
158-->[com.google.android.gms:play-services-auth:17.0.0] AndroidManifest.xml:26:13-37
159            android:theme="@android:style/Theme.Translucent.NoTitleBar" />
159-->[com.google.android.gms:play-services-auth:17.0.0] AndroidManifest.xml:27:13-72
160        <!--
161            Service handling Google Sign-In user revocation. For apps that do not integrate with
162            Google Sign-In, this service will never be started.
163        -->
164        <service
164-->[com.google.android.gms:play-services-auth:17.0.0] AndroidManifest.xml:33:9-36:110
165            android:name="com.google.android.gms.auth.api.signin.RevocationBoundService"
165-->[com.google.android.gms:play-services-auth:17.0.0] AndroidManifest.xml:34:13-89
166            android:exported="true"
166-->[com.google.android.gms:play-services-auth:17.0.0] AndroidManifest.xml:35:13-36
167            android:permission="com.google.android.gms.auth.api.signin.permission.REVOCATION_NOTIFICATION" />
167-->[com.google.android.gms:play-services-auth:17.0.0] AndroidManifest.xml:36:13-107
168
169        <activity
169-->[com.google.android.gms:play-services-base:17.1.0] AndroidManifest.xml:23:9-26:75
170            android:name="com.google.android.gms.common.api.GoogleApiActivity"
170-->[com.google.android.gms:play-services-base:17.1.0] AndroidManifest.xml:24:13-79
171            android:exported="false"
171-->[com.google.android.gms:play-services-base:17.1.0] AndroidManifest.xml:25:13-37
172            android:theme="@android:style/Theme.Translucent.NoTitleBar" />
172-->[com.google.android.gms:play-services-base:17.1.0] AndroidManifest.xml:26:13-72
173
174        <provider
174-->[com.google.firebase:firebase-common:19.3.0] AndroidManifest.xml:26:9-30:39
175            android:name="com.google.firebase.provider.FirebaseInitProvider"
175-->[com.google.firebase:firebase-common:19.3.0] AndroidManifest.xml:27:13-77
176            android:authorities="com.ipae.bicentenariolalibertad.firebaseinitprovider"
176-->[com.google.firebase:firebase-common:19.3.0] AndroidManifest.xml:28:13-72
177            android:exported="false"
177-->[com.google.firebase:firebase-common:19.3.0] AndroidManifest.xml:29:13-37
178            android:initOrder="100" />
178-->[com.google.firebase:firebase-common:19.3.0] AndroidManifest.xml:30:13-36
179        <provider
179-->[androidx.lifecycle:lifecycle-process:2.1.0] AndroidManifest.xml:23:9-27:43
180            android:name="androidx.lifecycle.ProcessLifecycleOwnerInitializer"
180-->[androidx.lifecycle:lifecycle-process:2.1.0] AndroidManifest.xml:24:13-79
181            android:authorities="com.ipae.bicentenariolalibertad.lifecycle-process"
181-->[androidx.lifecycle:lifecycle-process:2.1.0] AndroidManifest.xml:25:13-69
182            android:exported="false"
182-->[androidx.lifecycle:lifecycle-process:2.1.0] AndroidManifest.xml:26:13-37
183            android:multiprocess="true" />
183-->[androidx.lifecycle:lifecycle-process:2.1.0] AndroidManifest.xml:27:13-40
184    </application>
185
186</manifest>